src/command.c:1042:38: warning: passing 'unsigned int *' to parameter of type 'int *' converts between pointers to integer types with different sign [-Wpointer-sign]
        if (!pcx_parse_args(0, pcx_nb_args, &x, &y, &w, &h, 8))
                                            ^~
src/protos.h:114:41: note: passing argument to parameter 'a' here
int  pcx_parse_args(int i, int nb, int *a, int *b, int *c, int *d, int size);
                                        ^
src/command.c:1042:42: warning: passing 'unsigned int *' to parameter of type 'int *' converts between pointers to integer types with different sign [-Wpointer-sign]
        if (!pcx_parse_args(0, pcx_nb_args, &x, &y, &w, &h, 8))
                                                ^~
src/protos.h:114:49: note: passing argument to parameter 'b' here
int  pcx_parse_args(int i, int nb, int *a, int *b, int *c, int *d, int size);
                                                ^
src/command.c:1042:46: warning: passing 'unsigned int *' to parameter of type 'int *' converts between pointers to integer types with different sign [-Wpointer-sign]
        if (!pcx_parse_args(0, pcx_nb_args, &x, &y, &w, &h, 8))
                                                    ^~
src/protos.h:114:57: note: passing argument to parameter 'c' here
int  pcx_parse_args(int i, int nb, int *a, int *b, int *c, int *d, int size);
                                                        ^
src/command.c:1042:50: warning: passing 'unsigned int *' to parameter of type 'int *' converts between pointers to integer types with different sign [-Wpointer-sign]
        if (!pcx_parse_args(0, pcx_nb_args, &x, &y, &w, &h, 8))
                                                        ^~
src/protos.h:114:65: note: passing argument to parameter 'd' here
int  pcx_parse_args(int i, int nb, int *a, int *b, int *c, int *d, int size);
                                                                ^
4 warnings generated.
